[Modules] Modules initializing
[Modules] Distribution: remote
[Modules] Host updates: enabled
[Modules] Module updates: enabled
[Modules] Module install path: /home/deregnab/.config/discord/0.0.5/modules
[Modules] Module installed file path: /home/deregnab/.config/discord/0.0.5/modules/installed.json
[Modules] Module download path: /home/deregnab/.config/discord/0.0.5/modules/pending
[Modules] Bootstrapping...
[Modules] Installing discord_desktop_core@1 from /home/deregnab/Downloads/Discord/resources/bootstrap/discord_desktop_core.zip
[Modules] Installing discord_erlpack@1 from /home/deregnab/Downloads/Discord/resources/bootstrap/discord_erlpack.zip
[Modules] Installing discord_game_utils@1 from /home/deregnab/Downloads/Discord/resources/bootstrap/discord_game_utils.zip
[Modules] Installing discord_rpc@1 from /home/deregnab/Downloads/Discord/resources/bootstrap/discord_rpc.zip
[Modules] Installing discord_spellcheck@1 from /home/deregnab/Downloads/Discord/resources/bootstrap/discord_spellcheck.zip
[Modules] Installing discord_utils@1 from /home/deregnab/Downloads/Discord/resources/bootstrap/discord_utils.zip
[Modules] Installing discord_voice@1 from /home/deregnab/Downloads/Discord/resources/bootstrap/discord_voice.zip
[Modules] Finished module installations. [success: 7] [failure: 0]
[Modules] Checking for host updates.
[Modules] Host is up to date.
[Modules] Checking for module updates at https://discordapp.com/api/modules/stable/versions.json
[Modules] No module updates available.
[Modules] Modules initializing
[Modules] Distribution: remote
[Modules] Host updates: enabled
[Modules] Module updates: enabled
[Modules] Module install path: /home/deregnab/.config/discord/0.0.5/modules
[Modules] Module installed file path: /home/deregnab/.config/discord/0.0.5/modules/installed.json
[Modules] Module download path: /home/deregnab/.config/discord/0.0.5/modules/pending
[Modules] No updates to install
[Modules] Checking for host updates.
[Modules] Host is up to date.
[Modules] Checking for module updates at https://discordapp.com/api/modules/stable/versions.json
[Modules] No module updates available.
