00:00:00.341189 VirtualBox GUI VM Selector Window 6.0.4 r128164 linux.amd64 (Jan 28 2019 15:36:33) release log
00:00:00.341192 Log opened 2019-02-26T15:24:08.267169000Z
00:00:00.341192 Build Type: release
00:00:00.341194 OS Product: Linux
00:00:00.341195 OS Release: 4.14.102-1-MANJARO
00:00:00.341196 OS Version: #1 SMP PREEMPT Wed Feb 20 22:55:55 UTC 2019
00:00:00.341211 DMI Product Name: OptiPlex 7050
00:00:00.341216 DMI Product Version: 
00:00:00.341247 Host RAM: 7844MB (7.6GB) total, 4605MB (4.4GB) available
00:00:00.341250 Executable: /usr/lib/virtualbox/VirtualBox
00:00:00.341250 Process ID: 19167
00:00:00.341251 Package type: LINUX_64BITS_GENERIC (OSE)
00:00:00.341268 Qt version: 5.12.1
00:00:00.372661 GUI: UIMediumEnumerator: Medium-enumeration started...
00:00:00.706701 GUI: UIDesktopWidgetWatchdog::sltHandleHostScreenAvailableGeometryCalculated: Screen 0 work area is actually resized to: 0x17 x 956x1059
00:00:00.726829 Failed to open "/dev/vboxdrv", errno=13, rc=VERR_VM_DRIVER_NOT_ACCESSIBLE
00:00:00.727086 GUI: UIMediumEnumerator: Medium-enumeration finished!
00:00:32.401442 GUI: UIMediumEnumerator: Medium-enumeration started...
00:00:32.725673 GUI: UIMediumEnumerator: Medium-enumeration finished!
00:00:33.217493 GUI: UIMediumEnumerator: Medium-enumeration finished!
00:00:33.708473 2D support test succeeded
00:00:53.474915 GUI: UIMediumEnumerator: Medium-enumeration finished!
